The system is: Darwin - 23.5.0 - arm64
Compiling the C compiler identification source file "CMakeCCompilerId.c" succeeded.
Compiler: /usr/bin/clang 
Build flags: 
Id flags:  

The output was:
0


Compilation of the C compiler identification source "CMakeCCompilerId.c" produced "a.out"

The C compiler identification is AppleClang, found in "/Users/landondevendorf/Programs/CVulkanVoxelEngine/out/build/Clang 14.0.0 arm64-apple-darwin22.3.0/CMakeFiles/3.25.3/CompilerIdC/a.out"

Detecting C compiler ABI info compiled with the following output:
Change Dir: /Users/landondevendorf/Programs/CVulkanVoxelEngine/out/build/Clang 14.0.0 arm64-apple-darwin22.3.0/CMakeFiles/CMakeScratch/TryCompile-cJ1sAT

Run Build Command(s):/usr/bin/make -f Makefile cmTC_8bc8e/fast && /Library/Developer/CommandLineTools/usr/bin/make  -f CMakeFiles/cmTC_8bc8e.dir/build.make CMakeFiles/cmTC_8bc8e.dir/build
Building C object CMakeFiles/cmTC_8bc8e.dir/CMakeCCompilerABI.c.o
/usr/bin/clang   -arch arm64 -isysroot /Library/Developer/CommandLineTools/SDKs/MacOSX14.4.sdk   -v -Wl,-v -MD -MT CMakeFiles/cmTC_8bc8e.dir/CMakeCCompilerABI.c.o -MF CMakeFiles/cmTC_8bc8e.dir/CMakeCCompilerABI.c.o.d -o CMakeFiles/cmTC_8bc8e.dir/CMakeCCompilerABI.c.o -c /opt/homebrew/Cellar/cmake/3.25.3/share/cmake/Modules/CMakeCCompilerABI.c
Apple clang version 15.0.0 (clang-1500.3.9.4)
Target: arm64-apple-darwin23.5.0
Thread model: posix
InstalledDir: /Library/Developer/CommandLineTools/usr/bin
clang: warning: -Wl,-v: 'linker' input unused [-Wunused-command-line-argument]
 "/Library/Developer/CommandLineTools/usr/bin/clang" -cc1 -triple arm64-apple-macosx14.0.0 -Wundef-prefix=TARGET_OS_ -Wdeprecated-objc-isa-usage -Werror=deprecated-objc-isa-usage -Werror=implicit-function-declaration -emit-obj -mrelax-all --mrelax-relocations -disable-free -clear-ast-before-backend -disable-llvm-verifier -discard-value-names -main-file-name CMakeCCompilerABI.c -mrelocation-model pic -pic-level 2 -mframe-pointer=non-leaf -fno-strict-return -ffp-contract=on -fno-rounding-math -funwind-tables=1 -fobjc-msgsend-selector-stubs -target-sdk-version=14.4 -fvisibility-inlines-hidden-static-local-var -target-cpu apple-m1 -target-feature +v8.5a -target-feature +crc -target-feature +lse -target-feature +rdm -target-feature +crypto -target-feature +dotprod -target-feature +fp-armv8 -target-feature +neon -target-feature +fp16fml -target-feature +ras -target-feature +rcpc -target-feature +zcm -target-feature +zcz -target-feature +fullfp16 -target-feature +sm4 -target-feature +sha3 -target-feature +sha2 -target-feature +aes -target-abi darwinpcs -debugger-tuning=lldb -target-linker-version 1053.12 -v "-fcoverage-compilation-dir=/Users/landondevendorf/Programs/CVulkanVoxelEngine/out/build/Clang 14.0.0 arm64-apple-darwin22.3.0/CMakeFiles/CMakeScratch/TryCompile-cJ1sAT" -resource-dir /Library/Developer/CommandLineTools/usr/lib/clang/15.0.0 -dependency-file CMakeFiles/cmTC_8bc8e.dir/CMakeCCompilerABI.c.o.d -skip-unused-modulemap-deps -MT CMakeFiles/cmTC_8bc8e.dir/CMakeCCompilerABI.c.o -sys-header-deps -isysroot /Library/Developer/CommandLineTools/SDKs/MacOSX14.4.sdk -internal-isystem /Library/Developer/CommandLineTools/SDKs/MacOSX14.4.sdk/usr/local/include -internal-isystem /Library/Developer/CommandLineTools/usr/lib/clang/15.0.0/include -internal-externc-isystem /Library/Developer/CommandLineTools/SDKs/MacOSX14.4.sdk/usr/include -internal-externc-isystem /Library/Developer/CommandLineTools/usr/include -Wno-reorder-init-list -Wno-implicit-int-float-conversion -Wno-c99-designator -Wno-final-dtor-non-final-class -Wno-extra-semi-stmt -Wno-misleading-indentation -Wno-quoted-include-in-framework-header -Wno-implicit-fallthrough -Wno-enum-enum-conversion -Wno-enum-float-conversion -Wno-elaborated-enum-base -Wno-reserved-identifier -Wno-gnu-folding-constant "-fdebug-compilation-dir=/Users/landondevendorf/Programs/CVulkanVoxelEngine/out/build/Clang 14.0.0 arm64-apple-darwin22.3.0/CMakeFiles/CMakeScratch/TryCompile-cJ1sAT" -ferror-limit 19 -stack-protector 1 -fstack-check -mdarwin-stkchk-strong-link -fblocks -fencode-extended-block-signature -fregister-global-dtors-with-atexit -fgnuc-version=4.2.1 -fmax-type-align=16 -fcommon -clang-vendor-feature=+disableNonDependentMemberExprInCurrentInstantiation -fno-odr-hash-protocols -clang-vendor-feature=+enableAggressiveVLAFolding -clang-vendor-feature=+revert09abecef7bbf -clang-vendor-feature=+thisNoAlignAttr -clang-vendor-feature=+thisNoNullAttr -mllvm -disable-aligned-alloc-awareness=1 -D__GCC_HAVE_DWARF2_CFI_ASM=1 -o CMakeFiles/cmTC_8bc8e.dir/CMakeCCompilerABI.c.o -x c /opt/homebrew/Cellar/cmake/3.25.3/share/cmake/Modules/CMakeCCompilerABI.c
clang -cc1 version 15.0.0 (clang-1500.3.9.4) default target arm64-apple-darwin23.5.0
ignoring nonexistent directory "/Library/Developer/CommandLineTools/SDKs/MacOSX14.4.sdk/usr/local/include"
ignoring nonexistent directory "/Library/Developer/CommandLineTools/SDKs/MacOSX14.4.sdk/Library/Frameworks"
#include "..." search starts here:
#include <...> search starts here:
 /Library/Developer/CommandLineTools/usr/lib/clang/15.0.0/include
 /Library/Developer/CommandLineTools/SDKs/MacOSX14.4.sdk/usr/include
 /Library/Developer/CommandLineTools/usr/include
 /Library/Developer/CommandLineTools/SDKs/MacOSX14.4.sdk/System/Library/Frameworks (framework directory)
End of search list.
Linking C executable cmTC_8bc8e
/opt/homebrew/Cellar/cmake/3.25.3/bin/cmake -E cmake_link_script CMakeFiles/cmTC_8bc8e.dir/link.txt --verbose=1
/usr/bin/clang  -arch arm64 -isysroot /Library/Developer/CommandLineTools/SDKs/MacOSX14.4.sdk -Wl,-search_paths_first -Wl,-headerpad_max_install_names  -v -Wl,-v CMakeFiles/cmTC_8bc8e.dir/CMakeCCompilerABI.c.o -o cmTC_8bc8e 
Apple clang version 15.0.0 (clang-1500.3.9.4)
Target: arm64-apple-darwin23.5.0
Thread model: posix
InstalledDir: /Library/Developer/CommandLineTools/usr/bin
 "/Library/Developer/CommandLineTools/usr/bin/ld" -demangle -lto_library /Library/Developer/CommandLineTools/usr/lib/libLTO.dylib -dynamic -arch arm64 -platform_version macos 14.0.0 14.4 -syslibroot /Library/Developer/CommandLineTools/SDKs/MacOSX14.4.sdk -o cmTC_8bc8e -search_paths_first -headerpad_max_install_names -v CMakeFiles/cmTC_8bc8e.dir/CMakeCCompilerABI.c.o -lSystem /Library/Developer/CommandLineTools/usr/lib/clang/15.0.0/lib/darwin/libclang_rt.osx.a
@(#)PROGRAM:ld PROJECT:ld-1053.12
BUILD 15:45:29 Feb  3 2024
configured to support archs: armv6 armv7 armv7s arm64 arm64e arm64_32 i386 x86_64 x86_64h armv6m armv7k armv7m armv7em
will use ld-classic for: armv6 armv7 armv7s arm64_32 i386 armv6m armv7k armv7m armv7em
LTO support using: LLVM version 15.0.0 (static support for 29, runtime is 29)
TAPI support using: Apple TAPI version 15.0.0 (tapi-1500.3.2.2)
Library search paths:
	/Library/Developer/CommandLineTools/SDKs/MacOSX14.4.sdk/usr/lib
	/Library/Developer/CommandLineTools/SDKs/MacOSX14.4.sdk/usr/lib/swift
Framework search paths:
	/Library/Developer/CommandLineTools/SDKs/MacOSX14.4.sdk/System/Library/Frameworks



Parsed C implicit include dir info from above output: rv=done
  found start of include info
  found start of implicit include info
    add: [/Library/Developer/CommandLineTools/usr/lib/clang/15.0.0/include]
    add: [/Library/Developer/CommandLineTools/SDKs/MacOSX14.4.sdk/usr/include]
    add: [/Library/Developer/CommandLineTools/usr/include]
  end of search list found
  collapse include dir [/Library/Developer/CommandLineTools/usr/lib/clang/15.0.0/include] ==> [/Library/Developer/CommandLineTools/usr/lib/clang/15.0.0/include]
  collapse include dir [/Library/Developer/CommandLineTools/SDKs/MacOSX14.4.sdk/usr/include] ==> [/Library/Developer/CommandLineTools/SDKs/MacOSX14.4.sdk/usr/include]
  collapse include dir [/Library/Developer/CommandLineTools/usr/include] ==> [/Library/Developer/CommandLineTools/usr/include]
  implicit include dirs: [/Library/Developer/CommandLineTools/usr/lib/clang/15.0.0/include;/Library/Developer/CommandLineTools/SDKs/MacOSX14.4.sdk/usr/include;/Library/Developer/CommandLineTools/usr/include]


Parsed C implicit link information from above output:
  link line regex: [^( *|.*[/\])(ld|CMAKE_LINK_STARTFILE-NOTFOUND|([^/\]+-)?ld|collect2)[^/\]*( |$)]
  ignore line: [Change Dir: /Users/landondevendorf/Programs/CVulkanVoxelEngine/out/build/Clang 14.0.0 arm64-apple-darwin22.3.0/CMakeFiles/CMakeScratch/TryCompile-cJ1sAT]
  ignore line: []
  ignore line: [Run Build Command(s):/usr/bin/make -f Makefile cmTC_8bc8e/fast && /Library/Developer/CommandLineTools/usr/bin/make  -f CMakeFiles/cmTC_8bc8e.dir/build.make CMakeFiles/cmTC_8bc8e.dir/build]
  ignore line: [Building C object CMakeFiles/cmTC_8bc8e.dir/CMakeCCompilerABI.c.o]
  ignore line: [/usr/bin/clang   -arch arm64 -isysroot /Library/Developer/CommandLineTools/SDKs/MacOSX14.4.sdk   -v -Wl -v -MD -MT CMakeFiles/cmTC_8bc8e.dir/CMakeCCompilerABI.c.o -MF CMakeFiles/cmTC_8bc8e.dir/CMakeCCompilerABI.c.o.d -o CMakeFiles/cmTC_8bc8e.dir/CMakeCCompilerABI.c.o -c /opt/homebrew/Cellar/cmake/3.25.3/share/cmake/Modules/CMakeCCompilerABI.c]
  ignore line: [Apple clang version 15.0.0 (clang-1500.3.9.4)]
  ignore line: [Target: arm64-apple-darwin23.5.0]
  ignore line: [Thread model: posix]
  ignore line: [InstalledDir: /Library/Developer/CommandLineTools/usr/bin]
  ignore line: [clang: warning: -Wl -v: 'linker' input unused [-Wunused-command-line-argument]]
  ignore line: [ "/Library/Developer/CommandLineTools/usr/bin/clang" -cc1 -triple arm64-apple-macosx14.0.0 -Wundef-prefix=TARGET_OS_ -Wdeprecated-objc-isa-usage -Werror=deprecated-objc-isa-usage -Werror=implicit-function-declaration -emit-obj -mrelax-all --mrelax-relocations -disable-free -clear-ast-before-backend -disable-llvm-verifier -discard-value-names -main-file-name CMakeCCompilerABI.c -mrelocation-model pic -pic-level 2 -mframe-pointer=non-leaf -fno-strict-return -ffp-contract=on -fno-rounding-math -funwind-tables=1 -fobjc-msgsend-selector-stubs -target-sdk-version=14.4 -fvisibility-inlines-hidden-static-local-var -target-cpu apple-m1 -target-feature +v8.5a -target-feature +crc -target-feature +lse -target-feature +rdm -target-feature +crypto -target-feature +dotprod -target-feature +fp-armv8 -target-feature +neon -target-feature +fp16fml -target-feature +ras -target-feature +rcpc -target-feature +zcm -target-feature +zcz -target-feature +fullfp16 -target-feature +sm4 -target-feature +sha3 -target-feature +sha2 -target-feature +aes -target-abi darwinpcs -debugger-tuning=lldb -target-linker-version 1053.12 -v "-fcoverage-compilation-dir=/Users/landondevendorf/Programs/CVulkanVoxelEngine/out/build/Clang 14.0.0 arm64-apple-darwin22.3.0/CMakeFiles/CMakeScratch/TryCompile-cJ1sAT" -resource-dir /Library/Developer/CommandLineTools/usr/lib/clang/15.0.0 -dependency-file CMakeFiles/cmTC_8bc8e.dir/CMakeCCompilerABI.c.o.d -skip-unused-modulemap-deps -MT CMakeFiles/cmTC_8bc8e.dir/CMakeCCompilerABI.c.o -sys-header-deps -isysroot /Library/Developer/CommandLineTools/SDKs/MacOSX14.4.sdk -internal-isystem /Library/Developer/CommandLineTools/SDKs/MacOSX14.4.sdk/usr/local/include -internal-isystem /Library/Developer/CommandLineTools/usr/lib/clang/15.0.0/include -internal-externc-isystem /Library/Developer/CommandLineTools/SDKs/MacOSX14.4.sdk/usr/include -internal-externc-isystem /Library/Developer/CommandLineTools/usr/include -Wno-reorder-init-list -Wno-implicit-int-float-conversion -Wno-c99-designator -Wno-final-dtor-non-final-class -Wno-extra-semi-stmt -Wno-misleading-indentation -Wno-quoted-include-in-framework-header -Wno-implicit-fallthrough -Wno-enum-enum-conversion -Wno-enum-float-conversion -Wno-elaborated-enum-base -Wno-reserved-identifier -Wno-gnu-folding-constant "-fdebug-compilation-dir=/Users/landondevendorf/Programs/CVulkanVoxelEngine/out/build/Clang 14.0.0 arm64-apple-darwin22.3.0/CMakeFiles/CMakeScratch/TryCompile-cJ1sAT" -ferror-limit 19 -stack-protector 1 -fstack-check -mdarwin-stkchk-strong-link -fblocks -fencode-extended-block-signature -fregister-global-dtors-with-atexit -fgnuc-version=4.2.1 -fmax-type-align=16 -fcommon -clang-vendor-feature=+disableNonDependentMemberExprInCurrentInstantiation -fno-odr-hash-protocols -clang-vendor-feature=+enableAggressiveVLAFolding -clang-vendor-feature=+revert09abecef7bbf -clang-vendor-feature=+thisNoAlignAttr -clang-vendor-feature=+thisNoNullAttr -mllvm -disable-aligned-alloc-awareness=1 -D__GCC_HAVE_DWARF2_CFI_ASM=1 -o CMakeFiles/cmTC_8bc8e.dir/CMakeCCompilerABI.c.o -x c /opt/homebrew/Cellar/cmake/3.25.3/share/cmake/Modules/CMakeCCompilerABI.c]
  ignore line: [clang -cc1 version 15.0.0 (clang-1500.3.9.4) default target arm64-apple-darwin23.5.0]
  ignore line: [ignoring nonexistent directory "/Library/Developer/CommandLineTools/SDKs/MacOSX14.4.sdk/usr/local/include"]
  ignore line: [ignoring nonexistent directory "/Library/Developer/CommandLineTools/SDKs/MacOSX14.4.sdk/Library/Frameworks"]
  ignore line: [#include "..." search starts here:]
  ignore line: [#include <...> search starts here:]
  ignore line: [ /Library/Developer/CommandLineTools/usr/lib/clang/15.0.0/include]
  ignore line: [ /Library/Developer/CommandLineTools/SDKs/MacOSX14.4.sdk/usr/include]
  ignore line: [ /Library/Developer/CommandLineTools/usr/include]
  ignore line: [ /Library/Developer/CommandLineTools/SDKs/MacOSX14.4.sdk/System/Library/Frameworks (framework directory)]
  ignore line: [End of search list.]
  ignore line: [Linking C executable cmTC_8bc8e]
  ignore line: [/opt/homebrew/Cellar/cmake/3.25.3/bin/cmake -E cmake_link_script CMakeFiles/cmTC_8bc8e.dir/link.txt --verbose=1]
  ignore line: [/usr/bin/clang  -arch arm64 -isysroot /Library/Developer/CommandLineTools/SDKs/MacOSX14.4.sdk -Wl -search_paths_first -Wl -headerpad_max_install_names  -v -Wl -v CMakeFiles/cmTC_8bc8e.dir/CMakeCCompilerABI.c.o -o cmTC_8bc8e ]
  ignore line: [Apple clang version 15.0.0 (clang-1500.3.9.4)]
  ignore line: [Target: arm64-apple-darwin23.5.0]
  ignore line: [Thread model: posix]
  ignore line: [InstalledDir: /Library/Developer/CommandLineTools/usr/bin]
  link line: [ "/Library/Developer/CommandLineTools/usr/bin/ld" -demangle -lto_library /Library/Developer/CommandLineTools/usr/lib/libLTO.dylib -dynamic -arch arm64 -platform_version macos 14.0.0 14.4 -syslibroot /Library/Developer/CommandLineTools/SDKs/MacOSX14.4.sdk -o cmTC_8bc8e -search_paths_first -headerpad_max_install_names -v CMakeFiles/cmTC_8bc8e.dir/CMakeCCompilerABI.c.o -lSystem /Library/Developer/CommandLineTools/usr/lib/clang/15.0.0/lib/darwin/libclang_rt.osx.a]
    arg [/Library/Developer/CommandLineTools/usr/bin/ld] ==> ignore
    arg [-demangle] ==> ignore
    arg [-lto_library] ==> ignore, skip following value
    arg [/Library/Developer/CommandLineTools/usr/lib/libLTO.dylib] ==> skip value of -lto_library
    arg [-dynamic] ==> ignore
    arg [-arch] ==> ignore
    arg [arm64] ==> ignore
    arg [-platform_version] ==> ignore
    arg [macos] ==> ignore
    arg [14.0.0] ==> ignore
    arg [14.4] ==> ignore
    arg [-syslibroot] ==> ignore
    arg [/Library/Developer/CommandLineTools/SDKs/MacOSX14.4.sdk] ==> ignore
    arg [-o] ==> ignore
    arg [cmTC_8bc8e] ==> ignore
    arg [-search_paths_first] ==> ignore
    arg [-headerpad_max_install_names] ==> ignore
    arg [-v] ==> ignore
    arg [CMakeFiles/cmTC_8bc8e.dir/CMakeCCompilerABI.c.o] ==> ignore
    arg [-lSystem] ==> lib [System]
    arg [/Library/Developer/CommandLineTools/usr/lib/clang/15.0.0/lib/darwin/libclang_rt.osx.a] ==> lib [/Library/Developer/CommandLineTools/usr/lib/clang/15.0.0/lib/darwin/libclang_rt.osx.a]
  Library search paths: [;/Library/Developer/CommandLineTools/SDKs/MacOSX14.4.sdk/usr/lib;/Library/Developer/CommandLineTools/SDKs/MacOSX14.4.sdk/usr/lib/swift]
  Framework search paths: [;/Library/Developer/CommandLineTools/SDKs/MacOSX14.4.sdk/System/Library/Frameworks]
  remove lib [System]
  remove lib [/Library/Developer/CommandLineTools/usr/lib/clang/15.0.0/lib/darwin/libclang_rt.osx.a]
  collapse library dir [/Library/Developer/CommandLineTools/SDKs/MacOSX14.4.sdk/usr/lib] ==> [/Library/Developer/CommandLineTools/SDKs/MacOSX14.4.sdk/usr/lib]
  collapse library dir [/Library/Developer/CommandLineTools/SDKs/MacOSX14.4.sdk/usr/lib/swift] ==> [/Library/Developer/CommandLineTools/SDKs/MacOSX14.4.sdk/usr/lib/swift]
  collapse framework dir [/Library/Developer/CommandLineTools/SDKs/MacOSX14.4.sdk/System/Library/Frameworks] ==> [/Library/Developer/CommandLineTools/SDKs/MacOSX14.4.sdk/System/Library/Frameworks]
  implicit libs: []
  implicit objs: []
  implicit dirs: [/Library/Developer/CommandLineTools/SDKs/MacOSX14.4.sdk/usr/lib;/Library/Developer/CommandLineTools/SDKs/MacOSX14.4.sdk/usr/lib/swift]
  implicit fwks: [/Library/Developer/CommandLineTools/SDKs/MacOSX14.4.sdk/System/Library/Frameworks]


Performing C SOURCE FILE Test CMAKE_HAVE_LIBC_PTHREAD succeeded with the following output:
Change Dir: /Users/landondevendorf/Programs/CVulkanVoxelEngine/out/build/Clang 14.0.0 arm64-apple-darwin22.3.0/CMakeFiles/CMakeScratch/TryCompile-zWAZvN

Run Build Command(s):/usr/bin/make -f Makefile cmTC_99472/fast && /Library/Developer/CommandLineTools/usr/bin/make  -f CMakeFiles/cmTC_99472.dir/build.make CMakeFiles/cmTC_99472.dir/build
Building C object CMakeFiles/cmTC_99472.dir/src.c.o
/usr/bin/clang -DCMAKE_HAVE_LIBC_PTHREAD  -arch arm64 -isysroot /Library/Developer/CommandLineTools/SDKs/MacOSX14.4.sdk -MD -MT CMakeFiles/cmTC_99472.dir/src.c.o -MF CMakeFiles/cmTC_99472.dir/src.c.o.d -o CMakeFiles/cmTC_99472.dir/src.c.o -c "/Users/landondevendorf/Programs/CVulkanVoxelEngine/out/build/Clang 14.0.0 arm64-apple-darwin22.3.0/CMakeFiles/CMakeScratch/TryCompile-zWAZvN/src.c"
Linking C executable cmTC_99472
/opt/homebrew/Cellar/cmake/3.25.3/bin/cmake -E cmake_link_script CMakeFiles/cmTC_99472.dir/link.txt --verbose=1
/usr/bin/clang  -arch arm64 -isysroot /Library/Developer/CommandLineTools/SDKs/MacOSX14.4.sdk -Wl,-search_paths_first -Wl,-headerpad_max_install_names CMakeFiles/cmTC_99472.dir/src.c.o -o cmTC_99472 


Source file was:
#include <pthread.h>

static void* test_func(void* data)
{
  return data;
}

int main(void)
{
  pthread_t thread;
  pthread_create(&thread, NULL, test_func, NULL);
  pthread_detach(thread);
  pthread_cancel(thread);
  pthread_join(thread, NULL);
  pthread_atfork(NULL, NULL, NULL);
  pthread_exit(NULL);

  return 0;
}


The system is: Darwin - 23.5.0 - arm64
Compiling the C compiler identification source file "CMakeCCompilerId.c" succeeded.
Compiler: /usr/bin/clang 
Build flags: 
Id flags:  

The output was:
0


Compilation of the C compiler identification source "CMakeCCompilerId.c" produced "a.out"

The C compiler identification is AppleClang, found in "/Users/landondevendorf/Documents/GitHub/CVulkanVoxelEngine/out/build/Clang 14.0.0 arm64-apple-darwin22.3.0/CMakeFiles/3.25.3/CompilerIdC/a.out"

Detecting C compiler ABI info compiled with the following output:
Change Dir: /Users/landondevendorf/Documents/GitHub/CVulkanVoxelEngine/out/build/Clang 14.0.0 arm64-apple-darwin22.3.0/CMakeFiles/CMakeScratch/TryCompile-gNT1Iw

Run Build Command(s):/usr/bin/make -f Makefile cmTC_347bf/fast && /Library/Developer/CommandLineTools/usr/bin/make  -f CMakeFiles/cmTC_347bf.dir/build.make CMakeFiles/cmTC_347bf.dir/build
Building C object CMakeFiles/cmTC_347bf.dir/CMakeCCompilerABI.c.o
/usr/bin/clang   -arch arm64 -isysroot /Library/Developer/CommandLineTools/SDKs/MacOSX14.4.sdk   -v -Wl,-v -MD -MT CMakeFiles/cmTC_347bf.dir/CMakeCCompilerABI.c.o -MF CMakeFiles/cmTC_347bf.dir/CMakeCCompilerABI.c.o.d -o CMakeFiles/cmTC_347bf.dir/CMakeCCompilerABI.c.o -c /opt/homebrew/Cellar/cmake/3.25.3/share/cmake/Modules/CMakeCCompilerABI.c
Apple clang version 15.0.0 (clang-1500.3.9.4)
Target: arm64-apple-darwin23.5.0
Thread model: posix
InstalledDir: /Library/Developer/CommandLineTools/usr/bin
clang: warning: -Wl,-v: 'linker' input unused [-Wunused-command-line-argument]
 "/Library/Developer/CommandLineTools/usr/bin/clang" -cc1 -triple arm64-apple-macosx14.0.0 -Wundef-prefix=TARGET_OS_ -Wdeprecated-objc-isa-usage -Werror=deprecated-objc-isa-usage -Werror=implicit-function-declaration -emit-obj -mrelax-all --mrelax-relocations -disable-free -clear-ast-before-backend -disable-llvm-verifier -discard-value-names -main-file-name CMakeCCompilerABI.c -mrelocation-model pic -pic-level 2 -mframe-pointer=non-leaf -fno-strict-return -ffp-contract=on -fno-rounding-math -funwind-tables=1 -fobjc-msgsend-selector-stubs -target-sdk-version=14.4 -fvisibility-inlines-hidden-static-local-var -target-cpu apple-m1 -target-feature +v8.5a -target-feature +crc -target-feature +lse -target-feature +rdm -target-feature +crypto -target-feature +dotprod -target-feature +fp-armv8 -target-feature +neon -target-feature +fp16fml -target-feature +ras -target-feature +rcpc -target-feature +zcm -target-feature +zcz -target-feature +fullfp16 -target-feature +sm4 -target-feature +sha3 -target-feature +sha2 -target-feature +aes -target-abi darwinpcs -debugger-tuning=lldb -target-linker-version 1053.12 -v "-fcoverage-compilation-dir=/Users/landondevendorf/Documents/GitHub/CVulkanVoxelEngine/out/build/Clang 14.0.0 arm64-apple-darwin22.3.0/CMakeFiles/CMakeScratch/TryCompile-gNT1Iw" -resource-dir /Library/Developer/CommandLineTools/usr/lib/clang/15.0.0 -dependency-file CMakeFiles/cmTC_347bf.dir/CMakeCCompilerABI.c.o.d -skip-unused-modulemap-deps -MT CMakeFiles/cmTC_347bf.dir/CMakeCCompilerABI.c.o -sys-header-deps -isysroot /Library/Developer/CommandLineTools/SDKs/MacOSX14.4.sdk -internal-isystem /Library/Developer/CommandLineTools/SDKs/MacOSX14.4.sdk/usr/local/include -internal-isystem /Library/Developer/CommandLineTools/usr/lib/clang/15.0.0/include -internal-externc-isystem /Library/Developer/CommandLineTools/SDKs/MacOSX14.4.sdk/usr/include -internal-externc-isystem /Library/Developer/CommandLineTools/usr/include -Wno-reorder-init-list -Wno-implicit-int-float-conversion -Wno-c99-designator -Wno-final-dtor-non-final-class -Wno-extra-semi-stmt -Wno-misleading-indentation -Wno-quoted-include-in-framework-header -Wno-implicit-fallthrough -Wno-enum-enum-conversion -Wno-enum-float-conversion -Wno-elaborated-enum-base -Wno-reserved-identifier -Wno-gnu-folding-constant "-fdebug-compilation-dir=/Users/landondevendorf/Documents/GitHub/CVulkanVoxelEngine/out/build/Clang 14.0.0 arm64-apple-darwin22.3.0/CMakeFiles/CMakeScratch/TryCompile-gNT1Iw" -ferror-limit 19 -stack-protector 1 -fstack-check -mdarwin-stkchk-strong-link -fblocks -fencode-extended-block-signature -fregister-global-dtors-with-atexit -fgnuc-version=4.2.1 -fmax-type-align=16 -fcommon -clang-vendor-feature=+disableNonDependentMemberExprInCurrentInstantiation -fno-odr-hash-protocols -clang-vendor-feature=+enableAggressiveVLAFolding -clang-vendor-feature=+revert09abecef7bbf -clang-vendor-feature=+thisNoAlignAttr -clang-vendor-feature=+thisNoNullAttr -mllvm -disable-aligned-alloc-awareness=1 -D__GCC_HAVE_DWARF2_CFI_ASM=1 -o CMakeFiles/cmTC_347bf.dir/CMakeCCompilerABI.c.o -x c /opt/homebrew/Cellar/cmake/3.25.3/share/cmake/Modules/CMakeCCompilerABI.c
clang -cc1 version 15.0.0 (clang-1500.3.9.4) default target arm64-apple-darwin23.5.0
ignoring nonexistent directory "/Library/Developer/CommandLineTools/SDKs/MacOSX14.4.sdk/usr/local/include"
ignoring nonexistent directory "/Library/Developer/CommandLineTools/SDKs/MacOSX14.4.sdk/Library/Frameworks"
#include "..." search starts here:
#include <...> search starts here:
 /Library/Developer/CommandLineTools/usr/lib/clang/15.0.0/include
 /Library/Developer/CommandLineTools/SDKs/MacOSX14.4.sdk/usr/include
 /Library/Developer/CommandLineTools/usr/include
 /Library/Developer/CommandLineTools/SDKs/MacOSX14.4.sdk/System/Library/Frameworks (framework directory)
End of search list.
Linking C executable cmTC_347bf
/opt/homebrew/Cellar/cmake/3.25.3/bin/cmake -E cmake_link_script CMakeFiles/cmTC_347bf.dir/link.txt --verbose=1
/usr/bin/clang  -arch arm64 -isysroot /Library/Developer/CommandLineTools/SDKs/MacOSX14.4.sdk -Wl,-search_paths_first -Wl,-headerpad_max_install_names  -v -Wl,-v CMakeFiles/cmTC_347bf.dir/CMakeCCompilerABI.c.o -o cmTC_347bf 
Apple clang version 15.0.0 (clang-1500.3.9.4)
Target: arm64-apple-darwin23.5.0
Thread model: posix
InstalledDir: /Library/Developer/CommandLineTools/usr/bin
 "/Library/Developer/CommandLineTools/usr/bin/ld" -demangle -lto_library /Library/Developer/CommandLineTools/usr/lib/libLTO.dylib -dynamic -arch arm64 -platform_version macos 14.0.0 14.4 -syslibroot /Library/Developer/CommandLineTools/SDKs/MacOSX14.4.sdk -o cmTC_347bf -search_paths_first -headerpad_max_install_names -v CMakeFiles/cmTC_347bf.dir/CMakeCCompilerABI.c.o -lSystem /Library/Developer/CommandLineTools/usr/lib/clang/15.0.0/lib/darwin/libclang_rt.osx.a
@(#)PROGRAM:ld PROJECT:ld-1053.12
BUILD 15:45:29 Feb  3 2024
configured to support archs: armv6 armv7 armv7s arm64 arm64e arm64_32 i386 x86_64 x86_64h armv6m armv7k armv7m armv7em
will use ld-classic for: armv6 armv7 armv7s arm64_32 i386 armv6m armv7k armv7m armv7em
LTO support using: LLVM version 15.0.0 (static support for 29, runtime is 29)
TAPI support using: Apple TAPI version 15.0.0 (tapi-1500.3.2.2)
Library search paths:
	/Library/Developer/CommandLineTools/SDKs/MacOSX14.4.sdk/usr/lib
	/Library/Developer/CommandLineTools/SDKs/MacOSX14.4.sdk/usr/lib/swift
Framework search paths:
	/Library/Developer/CommandLineTools/SDKs/MacOSX14.4.sdk/System/Library/Frameworks



Parsed C implicit include dir info from above output: rv=done
  found start of include info
  found start of implicit include info
    add: [/Library/Developer/CommandLineTools/usr/lib/clang/15.0.0/include]
    add: [/Library/Developer/CommandLineTools/SDKs/MacOSX14.4.sdk/usr/include]
    add: [/Library/Developer/CommandLineTools/usr/include]
  end of search list found
  collapse include dir [/Library/Developer/CommandLineTools/usr/lib/clang/15.0.0/include] ==> [/Library/Developer/CommandLineTools/usr/lib/clang/15.0.0/include]
  collapse include dir [/Library/Developer/CommandLineTools/SDKs/MacOSX14.4.sdk/usr/include] ==> [/Library/Developer/CommandLineTools/SDKs/MacOSX14.4.sdk/usr/include]
  collapse include dir [/Library/Developer/CommandLineTools/usr/include] ==> [/Library/Developer/CommandLineTools/usr/include]
  implicit include dirs: [/Library/Developer/CommandLineTools/usr/lib/clang/15.0.0/include;/Library/Developer/CommandLineTools/SDKs/MacOSX14.4.sdk/usr/include;/Library/Developer/CommandLineTools/usr/include]


Parsed C implicit link information from above output:
  link line regex: [^( *|.*[/\])(ld|CMAKE_LINK_STARTFILE-NOTFOUND|([^/\]+-)?ld|collect2)[^/\]*( |$)]
  ignore line: [Change Dir: /Users/landondevendorf/Documents/GitHub/CVulkanVoxelEngine/out/build/Clang 14.0.0 arm64-apple-darwin22.3.0/CMakeFiles/CMakeScratch/TryCompile-gNT1Iw]
  ignore line: []
  ignore line: [Run Build Command(s):/usr/bin/make -f Makefile cmTC_347bf/fast && /Library/Developer/CommandLineTools/usr/bin/make  -f CMakeFiles/cmTC_347bf.dir/build.make CMakeFiles/cmTC_347bf.dir/build]
  ignore line: [Building C object CMakeFiles/cmTC_347bf.dir/CMakeCCompilerABI.c.o]
  ignore line: [/usr/bin/clang   -arch arm64 -isysroot /Library/Developer/CommandLineTools/SDKs/MacOSX14.4.sdk   -v -Wl -v -MD -MT CMakeFiles/cmTC_347bf.dir/CMakeCCompilerABI.c.o -MF CMakeFiles/cmTC_347bf.dir/CMakeCCompilerABI.c.o.d -o CMakeFiles/cmTC_347bf.dir/CMakeCCompilerABI.c.o -c /opt/homebrew/Cellar/cmake/3.25.3/share/cmake/Modules/CMakeCCompilerABI.c]
  ignore line: [Apple clang version 15.0.0 (clang-1500.3.9.4)]
  ignore line: [Target: arm64-apple-darwin23.5.0]
  ignore line: [Thread model: posix]
  ignore line: [InstalledDir: /Library/Developer/CommandLineTools/usr/bin]
  ignore line: [clang: warning: -Wl -v: 'linker' input unused [-Wunused-command-line-argument]]
  ignore line: [ "/Library/Developer/CommandLineTools/usr/bin/clang" -cc1 -triple arm64-apple-macosx14.0.0 -Wundef-prefix=TARGET_OS_ -Wdeprecated-objc-isa-usage -Werror=deprecated-objc-isa-usage -Werror=implicit-function-declaration -emit-obj -mrelax-all --mrelax-relocations -disable-free -clear-ast-before-backend -disable-llvm-verifier -discard-value-names -main-file-name CMakeCCompilerABI.c -mrelocation-model pic -pic-level 2 -mframe-pointer=non-leaf -fno-strict-return -ffp-contract=on -fno-rounding-math -funwind-tables=1 -fobjc-msgsend-selector-stubs -target-sdk-version=14.4 -fvisibility-inlines-hidden-static-local-var -target-cpu apple-m1 -target-feature +v8.5a -target-feature +crc -target-feature +lse -target-feature +rdm -target-feature +crypto -target-feature +dotprod -target-feature +fp-armv8 -target-feature +neon -target-feature +fp16fml -target-feature +ras -target-feature +rcpc -target-feature +zcm -target-feature +zcz -target-feature +fullfp16 -target-feature +sm4 -target-feature +sha3 -target-feature +sha2 -target-feature +aes -target-abi darwinpcs -debugger-tuning=lldb -target-linker-version 1053.12 -v "-fcoverage-compilation-dir=/Users/landondevendorf/Documents/GitHub/CVulkanVoxelEngine/out/build/Clang 14.0.0 arm64-apple-darwin22.3.0/CMakeFiles/CMakeScratch/TryCompile-gNT1Iw" -resource-dir /Library/Developer/CommandLineTools/usr/lib/clang/15.0.0 -dependency-file CMakeFiles/cmTC_347bf.dir/CMakeCCompilerABI.c.o.d -skip-unused-modulemap-deps -MT CMakeFiles/cmTC_347bf.dir/CMakeCCompilerABI.c.o -sys-header-deps -isysroot /Library/Developer/CommandLineTools/SDKs/MacOSX14.4.sdk -internal-isystem /Library/Developer/CommandLineTools/SDKs/MacOSX14.4.sdk/usr/local/include -internal-isystem /Library/Developer/CommandLineTools/usr/lib/clang/15.0.0/include -internal-externc-isystem /Library/Developer/CommandLineTools/SDKs/MacOSX14.4.sdk/usr/include -internal-externc-isystem /Library/Developer/CommandLineTools/usr/include -Wno-reorder-init-list -Wno-implicit-int-float-conversion -Wno-c99-designator -Wno-final-dtor-non-final-class -Wno-extra-semi-stmt -Wno-misleading-indentation -Wno-quoted-include-in-framework-header -Wno-implicit-fallthrough -Wno-enum-enum-conversion -Wno-enum-float-conversion -Wno-elaborated-enum-base -Wno-reserved-identifier -Wno-gnu-folding-constant "-fdebug-compilation-dir=/Users/landondevendorf/Documents/GitHub/CVulkanVoxelEngine/out/build/Clang 14.0.0 arm64-apple-darwin22.3.0/CMakeFiles/CMakeScratch/TryCompile-gNT1Iw" -ferror-limit 19 -stack-protector 1 -fstack-check -mdarwin-stkchk-strong-link -fblocks -fencode-extended-block-signature -fregister-global-dtors-with-atexit -fgnuc-version=4.2.1 -fmax-type-align=16 -fcommon -clang-vendor-feature=+disableNonDependentMemberExprInCurrentInstantiation -fno-odr-hash-protocols -clang-vendor-feature=+enableAggressiveVLAFolding -clang-vendor-feature=+revert09abecef7bbf -clang-vendor-feature=+thisNoAlignAttr -clang-vendor-feature=+thisNoNullAttr -mllvm -disable-aligned-alloc-awareness=1 -D__GCC_HAVE_DWARF2_CFI_ASM=1 -o CMakeFiles/cmTC_347bf.dir/CMakeCCompilerABI.c.o -x c /opt/homebrew/Cellar/cmake/3.25.3/share/cmake/Modules/CMakeCCompilerABI.c]
  ignore line: [clang -cc1 version 15.0.0 (clang-1500.3.9.4) default target arm64-apple-darwin23.5.0]
  ignore line: [ignoring nonexistent directory "/Library/Developer/CommandLineTools/SDKs/MacOSX14.4.sdk/usr/local/include"]
  ignore line: [ignoring nonexistent directory "/Library/Developer/CommandLineTools/SDKs/MacOSX14.4.sdk/Library/Frameworks"]
  ignore line: [#include "..." search starts here:]
  ignore line: [#include <...> search starts here:]
  ignore line: [ /Library/Developer/CommandLineTools/usr/lib/clang/15.0.0/include]
  ignore line: [ /Library/Developer/CommandLineTools/SDKs/MacOSX14.4.sdk/usr/include]
  ignore line: [ /Library/Developer/CommandLineTools/usr/include]
  ignore line: [ /Library/Developer/CommandLineTools/SDKs/MacOSX14.4.sdk/System/Library/Frameworks (framework directory)]
  ignore line: [End of search list.]
  ignore line: [Linking C executable cmTC_347bf]
  ignore line: [/opt/homebrew/Cellar/cmake/3.25.3/bin/cmake -E cmake_link_script CMakeFiles/cmTC_347bf.dir/link.txt --verbose=1]
  ignore line: [/usr/bin/clang  -arch arm64 -isysroot /Library/Developer/CommandLineTools/SDKs/MacOSX14.4.sdk -Wl -search_paths_first -Wl -headerpad_max_install_names  -v -Wl -v CMakeFiles/cmTC_347bf.dir/CMakeCCompilerABI.c.o -o cmTC_347bf ]
  ignore line: [Apple clang version 15.0.0 (clang-1500.3.9.4)]
  ignore line: [Target: arm64-apple-darwin23.5.0]
  ignore line: [Thread model: posix]
  ignore line: [InstalledDir: /Library/Developer/CommandLineTools/usr/bin]
  link line: [ "/Library/Developer/CommandLineTools/usr/bin/ld" -demangle -lto_library /Library/Developer/CommandLineTools/usr/lib/libLTO.dylib -dynamic -arch arm64 -platform_version macos 14.0.0 14.4 -syslibroot /Library/Developer/CommandLineTools/SDKs/MacOSX14.4.sdk -o cmTC_347bf -search_paths_first -headerpad_max_install_names -v CMakeFiles/cmTC_347bf.dir/CMakeCCompilerABI.c.o -lSystem /Library/Developer/CommandLineTools/usr/lib/clang/15.0.0/lib/darwin/libclang_rt.osx.a]
    arg [/Library/Developer/CommandLineTools/usr/bin/ld] ==> ignore
    arg [-demangle] ==> ignore
    arg [-lto_library] ==> ignore, skip following value
    arg [/Library/Developer/CommandLineTools/usr/lib/libLTO.dylib] ==> skip value of -lto_library
    arg [-dynamic] ==> ignore
    arg [-arch] ==> ignore
    arg [arm64] ==> ignore
    arg [-platform_version] ==> ignore
    arg [macos] ==> ignore
    arg [14.0.0] ==> ignore
    arg [14.4] ==> ignore
    arg [-syslibroot] ==> ignore
    arg [/Library/Developer/CommandLineTools/SDKs/MacOSX14.4.sdk] ==> ignore
    arg [-o] ==> ignore
    arg [cmTC_347bf] ==> ignore
    arg [-search_paths_first] ==> ignore
    arg [-headerpad_max_install_names] ==> ignore
    arg [-v] ==> ignore
    arg [CMakeFiles/cmTC_347bf.dir/CMakeCCompilerABI.c.o] ==> ignore
    arg [-lSystem] ==> lib [System]
    arg [/Library/Developer/CommandLineTools/usr/lib/clang/15.0.0/lib/darwin/libclang_rt.osx.a] ==> lib [/Library/Developer/CommandLineTools/usr/lib/clang/15.0.0/lib/darwin/libclang_rt.osx.a]
  Library search paths: [;/Library/Developer/CommandLineTools/SDKs/MacOSX14.4.sdk/usr/lib;/Library/Developer/CommandLineTools/SDKs/MacOSX14.4.sdk/usr/lib/swift]
  Framework search paths: [;/Library/Developer/CommandLineTools/SDKs/MacOSX14.4.sdk/System/Library/Frameworks]
  remove lib [System]
  remove lib [/Library/Developer/CommandLineTools/usr/lib/clang/15.0.0/lib/darwin/libclang_rt.osx.a]
  collapse library dir [/Library/Developer/CommandLineTools/SDKs/MacOSX14.4.sdk/usr/lib] ==> [/Library/Developer/CommandLineTools/SDKs/MacOSX14.4.sdk/usr/lib]
  collapse library dir [/Library/Developer/CommandLineTools/SDKs/MacOSX14.4.sdk/usr/lib/swift] ==> [/Library/Developer/CommandLineTools/SDKs/MacOSX14.4.sdk/usr/lib/swift]
  collapse framework dir [/Library/Developer/CommandLineTools/SDKs/MacOSX14.4.sdk/System/Library/Frameworks] ==> [/Library/Developer/CommandLineTools/SDKs/MacOSX14.4.sdk/System/Library/Frameworks]
  implicit libs: []
  implicit objs: []
  implicit dirs: [/Library/Developer/CommandLineTools/SDKs/MacOSX14.4.sdk/usr/lib;/Library/Developer/CommandLineTools/SDKs/MacOSX14.4.sdk/usr/lib/swift]
  implicit fwks: [/Library/Developer/CommandLineTools/SDKs/MacOSX14.4.sdk/System/Library/Frameworks]


Performing C SOURCE FILE Test CMAKE_HAVE_LIBC_PTHREAD succeeded with the following output:
Change Dir: /Users/landondevendorf/Documents/GitHub/CVulkanVoxelEngine/out/build/Clang 14.0.0 arm64-apple-darwin22.3.0/CMakeFiles/CMakeScratch/TryCompile-oAgV1B

Run Build Command(s):/usr/bin/make -f Makefile cmTC_b97dd/fast && /Library/Developer/CommandLineTools/usr/bin/make  -f CMakeFiles/cmTC_b97dd.dir/build.make CMakeFiles/cmTC_b97dd.dir/build
Building C object CMakeFiles/cmTC_b97dd.dir/src.c.o
/usr/bin/clang -DCMAKE_HAVE_LIBC_PTHREAD  -arch arm64 -isysroot /Library/Developer/CommandLineTools/SDKs/MacOSX14.4.sdk -MD -MT CMakeFiles/cmTC_b97dd.dir/src.c.o -MF CMakeFiles/cmTC_b97dd.dir/src.c.o.d -o CMakeFiles/cmTC_b97dd.dir/src.c.o -c "/Users/landondevendorf/Documents/GitHub/CVulkanVoxelEngine/out/build/Clang 14.0.0 arm64-apple-darwin22.3.0/CMakeFiles/CMakeScratch/TryCompile-oAgV1B/src.c"
Linking C executable cmTC_b97dd
/opt/homebrew/Cellar/cmake/3.25.3/bin/cmake -E cmake_link_script CMakeFiles/cmTC_b97dd.dir/link.txt --verbose=1
/usr/bin/clang  -arch arm64 -isysroot /Library/Developer/CommandLineTools/SDKs/MacOSX14.4.sdk -Wl,-search_paths_first -Wl,-headerpad_max_install_names CMakeFiles/cmTC_b97dd.dir/src.c.o -o cmTC_b97dd 


Source file was:
#include <pthread.h>

static void* test_func(void* data)
{
  return data;
}

int main(void)
{
  pthread_t thread;
  pthread_create(&thread, NULL, test_func, NULL);
  pthread_detach(thread);
  pthread_cancel(thread);
  pthread_join(thread, NULL);
  pthread_atfork(NULL, NULL, NULL);
  pthread_exit(NULL);

  return 0;
}


